<?xml version="1.0" encoding="UTF-8"?>
<testng-results ignored="0" total="1" passed="1" failed="0" skipped="0">
  <reporter-output>
  </reporter-output>
  <suite started-at="2022-12-07T20:06:30 IST" name="Default suite" finished-at="2022-12-07T20:06:55 IST" duration-ms="24911">
    <groups>
    </groups>
    <test started-at="2022-12-07T20:06:30 IST" name="Default test" finished-at="2022-12-07T20:06:55 IST" duration-ms="24911">
      <class name="com.gcr.scripts.TC2">
        <test-method is-config="true" signature="generateReport()[pri:0, instance:com.gcr.scripts.TC2@58d75e99]" started-at="2022-12-07T20:06:30 IST" name="generateReport" finished-at="2022-12-07T20:06:30 IST" duration-ms="715" status="PASS">
          <reporter-output>
          </reporter-output>
        </test-method> <!-- generateReport -->
        <test-method is-config="true" signature="beforeClass()[pri:0, instance:com.gcr.scripts.TC2@58d75e99]" started-at="2022-12-07T20:06:30 IST" name="beforeClass" finished-at="2022-12-07T20:06:38 IST" duration-ms="7490" status="PASS">
          <reporter-output>
          </reporter-output>
        </test-method> <!-- beforeClass -->
        <test-method is-config="true" signature="methodName(java.lang.reflect.Method)[pri:0, instance:com.gcr.scripts.TC2@58d75e99]" started-at="2022-12-07T20:06:38 IST" name="methodName" finished-at="2022-12-07T20:06:38 IST" duration-ms="17" status="PASS">
          <params>
            <param index="0">
              <value>
                <![CDATA[public void com.gcr.scripts.TC2.Login_LogoutTestCaseExcel() throws java.lang.Exception]]>
              </value>
            </param>
          </params>
          <reporter-output>
          </reporter-output>
        </test-method> <!-- methodName -->
        <test-method signature="Login_LogoutTestCaseExcel()[pri:0, instance:com.gcr.scripts.TC2@58d75e99]" started-at="2022-12-07T20:06:38 IST" name="Login_LogoutTestCaseExcel" finished-at="2022-12-07T20:06:50 IST" duration-ms="11688" status="PASS">
          <reporter-output>
          </reporter-output>
        </test-method> <!-- Login_LogoutTestCaseExcel -->
        <test-method is-config="true" signature="afterClass()[pri:0, instance:com.gcr.scripts.TC2@58d75e99]" started-at="2022-12-07T20:06:50 IST" name="afterClass" finished-at="2022-12-07T20:06:55 IST" duration-ms="4915" status="PASS">
          <reporter-output>
          </reporter-output>
        </test-method> <!-- afterClass -->
      </class> <!-- com.gcr.scripts.TC2 -->
    </test> <!-- Default test -->
  </suite> <!-- Default suite -->
</testng-results>
