<?xml version="1.0" encoding="UTF-8"?>
<!-- Generated by org.testng.reporters.JUnitXMLReporter -->
<testsuite hostname="DESKTOP-C9MVC75" ignored="1" name="Test" tests="2" failures="1" timestamp="2022-10-01T08:40:27 IST" time="14.776" errors="0">
  <testcase name="Login_LogoutTestCase" time="2.43" classname="com.gcr.scripts.TC1">
    <failure type="java.lang.AssertionError" message="expected [Swag Labs 123] but found [Swag Labs]">
      <![CDATA[java.lang.AssertionError: expected [Swag Labs 123] but found [Swag Labs]
at com.gcr.scripts.TC1.Login_LogoutTestCase(TC1.java:21)
at java.util.ArrayList.forEach(ArrayList.java:1257)
... Removed 33 stack frames]]>
    </failure>
  </testcase> <!-- Login_LogoutTestCase -->
  <testcase name="Login_LogoutTestCaseExcel" time="4.003" classname="com.gcr.scripts.TC2"/>
  <testcase name="@BeforeTest generateReport" time="0.0" classname="com.gcr.config.StartBrowser">
    <ignored/>
  </testcase> <!-- @BeforeTest generateReport -->
</testsuite> <!-- Test -->
